Using pre-set license
Built from '2020.3/staging' branch; Version is '2020.3.26f1 (7298b473bc1a) revision 7510196'; Using compiler version '192528614'; Build Type 'Release'
OS: 'Windows 11  (10.0.22621) 64bit Professional' Language: 'es' Physical Memory: 8123 MB
BatchMode: 1, IsHumanControllingUs: 0, StartBugReporterOnCrash: 0, Is64bit: 1, IsPro: 0

COMMAND LINE ARGUMENTS:
C:\Users\USUARIO\OneDrive\Documentos\COPIA DE SEGURIDAD UNITY\2020.3.24f1\2020.3.26f1\Editor\Unity.exe
-adb2
-batchMode
-noUpm
-name
AssetImportWorker0
-projectPath
C:/Users/USUARIO/OneDrive/Documentos/PROYECTOS/UNITY/PROYECTO 2D1/Darkness/REEDISEÑO/REEDISEÑO
-logFile
Logs/AssetImportWorker0.log
-srvPort
53103
Successfully changed project path to: C:/Users/USUARIO/OneDrive/Documentos/PROYECTOS/UNITY/PROYECTO 2D1/Darkness/REEDISEÑO/REEDISEÑO
C:/Users/USUARIO/OneDrive/Documentos/PROYECTOS/UNITY/PROYECTO 2D1/Darkness/REEDISEÑO/REEDISEÑO
Using Asset Import Pipeline V2.
Refreshing native plugins compatible for Editor in 2789.57 ms, found 3 plugins.
Preloading 0 native plugins for Editor in 0.00 ms.
Initialize engine version: 2020.3.26f1 (7298b473bc1a)
[Subsystems] Discovering subsystems at path C:/Users/USUARIO/OneDrive/Documentos/COPIA DE SEGURIDAD UNITY/2020.3.24f1/2020.3.26f1/Editor/Data/Resources/UnitySubsystems
[Subsystems] Discovering subsystems at path C:/Users/USUARIO/OneDrive/Documentos/PROYECTOS/UNITY/PROYECTO 2D1/Darkness/REEDISEÑO/REEDISEÑO/Assets
GfxDevice: creating device client; threaded=0
Direct3D:
    Version:  Direct3D 11.0 [level 11.0]
    Renderer: NVIDIA GeForce GT 730 (ID=0xf02)
    Vendor:   
    VRAM:     1989 MB
    Driver:   23.21.13.9135
Initialize mono
Mono path[0] = 'C:/Users/USUARIO/OneDrive/Documentos/COPIA DE SEGURIDAD UNITY/2020.3.24f1/2020.3.26f1/Editor/Data/Managed'
Mono path[1] = 'C:/Users/USUARIO/OneDrive/Documentos/COPIA DE SEGURIDAD UNITY/2020.3.24f1/2020.3.26f1/Editor/Data/MonoBleedingEdge/lib/mono/unityjit'
Mono config path = 'C:/Users/USUARIO/OneDrive/Documentos/COPIA DE SEGURIDAD UNITY/2020.3.24f1/2020.3.26f1/Editor/Data/MonoBleedingEdge/etc'
Using monoOptions --debugger-agent=transport=dt_socket,embedding=1,server=y,suspend=n,address=127.0.0.1:56224
Begin MonoManager ReloadAssembly
Registering precompiled unity dll's ...
Register platform support module: C:/Users/USUARIO/OneDrive/Documentos/COPIA DE SEGURIDAD UNITY/2020.3.24f1/2020.3.26f1/Editor/Data/PlaybackEngines/WindowsStandaloneSupport/UnityEditor.WindowsStandalone.Extensions.dll
Registered in 0.147056 seconds.
